CRITICAL - 2022-01-14 10:23:57 --> Undefined property: CodeIgniter\HTTP\IncomingRequest::$getMethod
#0 C:\laragon\www\desarrollo\app\Controllers\Home.php(18): CodeIgniter\Debug\Exceptions->errorHandler(8, 'Undefined prope...', 'C:\\laragon\\www\\...', 18, Array)
#1 C:\laragon\www\desarrollo\system\CodeIgniter.php(825): App\Controllers\Home->Datos()
#2 C:\laragon\www\desarrollo\system\CodeIgniter.php(412): CodeIgniter\CodeIgniter->runController(Object(App\Controllers\Home))
#3 C:\laragon\www\desarrollo\system\CodeIgniter.php(320): CodeIgniter\CodeIgniter->handleRequest(NULL, Object(Config\Cache), false)
#4 C:\laragon\www\desarrollo\public\index.php(37): CodeIgniter\CodeIgniter->run()
#5 {main}
CRITICAL - 2022-01-14 10:24:23 --> Undefined property: CodeIgniter\HTTP\IncomingRequest::$getMethod
#0 C:\laragon\www\desarrollo\app\Controllers\Home.php(18): CodeIgniter\Debug\Exceptions->errorHandler(8, 'Undefined prope...', 'C:\\laragon\\www\\...', 18, Array)
#1 C:\laragon\www\desarrollo\system\CodeIgniter.php(825): App\Controllers\Home->Datos()
#2 C:\laragon\www\desarrollo\system\CodeIgniter.php(412): CodeIgniter\CodeIgniter->runController(Object(App\Controllers\Home))
#3 C:\laragon\www\desarrollo\system\CodeIgniter.php(320): CodeIgniter\CodeIgniter->handleRequest(NULL, Object(Config\Cache), false)
#4 C:\laragon\www\desarrollo\public\index.php(37): CodeIgniter\CodeIgniter->run()
#5 {main}
CRITICAL - 2022-01-14 10:28:58 --> Undefined property: CodeIgniter\HTTP\IncomingRequest::$getMethod
#0 C:\laragon\www\desarrollo\app\Controllers\Home.php(20): CodeIgniter\Debug\Exceptions->errorHandler(8, 'Undefined prope...', 'C:\\laragon\\www\\...', 20, Array)
#1 C:\laragon\www\desarrollo\system\CodeIgniter.php(825): App\Controllers\Home->Datos()
#2 C:\laragon\www\desarrollo\system\CodeIgniter.php(412): CodeIgniter\CodeIgniter->runController(Object(App\Controllers\Home))
#3 C:\laragon\www\desarrollo\system\CodeIgniter.php(320): CodeIgniter\CodeIgniter->handleRequest(NULL, Object(Config\Cache), false)
#4 C:\laragon\www\desarrollo\public\index.php(37): CodeIgniter\CodeIgniter->run()
#5 {main}
CRITICAL - 2022-01-14 10:29:10 --> Undefined property: CodeIgniter\HTTP\IncomingRequest::$getMethod
#0 C:\laragon\www\desarrollo\app\Controllers\Home.php(20): CodeIgniter\Debug\Exceptions->errorHandler(8, 'Undefined prope...', 'C:\\laragon\\www\\...', 20, Array)
#1 C:\laragon\www\desarrollo\system\CodeIgniter.php(825): App\Controllers\Home->Datos()
#2 C:\laragon\www\desarrollo\system\CodeIgniter.php(412): CodeIgniter\CodeIgniter->runController(Object(App\Controllers\Home))
#3 C:\laragon\www\desarrollo\system\CodeIgniter.php(320): CodeIgniter\CodeIgniter->handleRequest(NULL, Object(Config\Cache), false)
#4 C:\laragon\www\desarrollo\public\index.php(37): CodeIgniter\CodeIgniter->run()
#5 {main}
CRITICAL - 2022-01-14 10:32:46 --> Too few arguments to function App\Controllers\Home::__construct(), 0 passed in C:\laragon\www\desarrollo\system\CodeIgniter.php on line 802 and exactly 1 expected
#0 C:\laragon\www\desarrollo\system\CodeIgniter.php(802): App\Controllers\Home->__construct()
#1 C:\laragon\www\desarrollo\system\CodeIgniter.php(403): CodeIgniter\CodeIgniter->createController()
#2 C:\laragon\www\desarrollo\system\CodeIgniter.php(320): CodeIgniter\CodeIgniter->handleRequest(NULL, Object(Config\Cache), false)
#3 C:\laragon\www\desarrollo\public\index.php(37): CodeIgniter\CodeIgniter->run()
#4 {main}
CRITICAL - 2022-01-14 10:32:54 --> Too few arguments to function App\Controllers\Home::__construct(), 0 passed in C:\laragon\www\desarrollo\system\CodeIgniter.php on line 802 and exactly 1 expected
#0 C:\laragon\www\desarrollo\system\CodeIgniter.php(802): App\Controllers\Home->__construct()
#1 C:\laragon\www\desarrollo\system\CodeIgniter.php(403): CodeIgniter\CodeIgniter->createController()
#2 C:\laragon\www\desarrollo\system\CodeIgniter.php(320): CodeIgniter\CodeIgniter->handleRequest(NULL, Object(Config\Cache), false)
#3 C:\laragon\www\desarrollo\public\index.php(37): CodeIgniter\CodeIgniter->run()
#4 {main}
CRITICAL - 2022-01-14 10:33:02 --> Too few arguments to function App\Controllers\Home::__construct(), 0 passed in C:\laragon\www\desarrollo\system\CodeIgniter.php on line 802 and exactly 1 expected
#0 C:\laragon\www\desarrollo\system\CodeIgniter.php(802): App\Controllers\Home->__construct()
#1 C:\laragon\www\desarrollo\system\CodeIgniter.php(403): CodeIgniter\CodeIgniter->createController()
#2 C:\laragon\www\desarrollo\system\CodeIgniter.php(320): CodeIgniter\CodeIgniter->handleRequest(NULL, Object(Config\Cache), false)
#3 C:\laragon\www\desarrollo\public\index.php(37): CodeIgniter\CodeIgniter->run()
#4 {main}
CRITICAL - 2022-01-14 10:33:07 --> Too few arguments to function App\Controllers\Home::__construct(), 0 passed in C:\laragon\www\desarrollo\system\CodeIgniter.php on line 802 and exactly 1 expected
#0 C:\laragon\www\desarrollo\system\CodeIgniter.php(802): App\Controllers\Home->__construct()
#1 C:\laragon\www\desarrollo\system\CodeIgniter.php(403): CodeIgniter\CodeIgniter->createController()
#2 C:\laragon\www\desarrollo\system\CodeIgniter.php(320): CodeIgniter\CodeIgniter->handleRequest(NULL, Object(Config\Cache), false)
#3 C:\laragon\www\desarrollo\public\index.php(37): CodeIgniter\CodeIgniter->run()
#4 {main}
CRITICAL - 2022-01-14 10:33:10 --> Too few arguments to function App\Controllers\Home::__construct(), 0 passed in C:\laragon\www\desarrollo\system\CodeIgniter.php on line 802 and exactly 1 expected
#0 C:\laragon\www\desarrollo\system\CodeIgniter.php(802): App\Controllers\Home->__construct()
#1 C:\laragon\www\desarrollo\system\CodeIgniter.php(403): CodeIgniter\CodeIgniter->createController()
#2 C:\laragon\www\desarrollo\system\CodeIgniter.php(320): CodeIgniter\CodeIgniter->handleRequest(NULL, Object(Config\Cache), false)
#3 C:\laragon\www\desarrollo\public\index.php(37): CodeIgniter\CodeIgniter->run()
#4 {main}
CRITICAL - 2022-01-14 10:33:28 --> Too few arguments to function App\Controllers\Home::__construct(), 0 passed in C:\laragon\www\desarrollo\system\CodeIgniter.php on line 802 and exactly 1 expected
#0 C:\laragon\www\desarrollo\system\CodeIgniter.php(802): App\Controllers\Home->__construct()
#1 C:\laragon\www\desarrollo\system\CodeIgniter.php(403): CodeIgniter\CodeIgniter->createController()
#2 C:\laragon\www\desarrollo\system\CodeIgniter.php(320): CodeIgniter\CodeIgniter->handleRequest(NULL, Object(Config\Cache), false)
#3 C:\laragon\www\desarrollo\public\index.php(37): CodeIgniter\CodeIgniter->run()
#4 {main}
CRITICAL - 2022-01-14 10:34:07 --> Too few arguments to function App\Controllers\Home::__construct(), 0 passed in C:\laragon\www\desarrollo\system\CodeIgniter.php on line 802 and exactly 1 expected
#0 C:\laragon\www\desarrollo\system\CodeIgniter.php(802): App\Controllers\Home->__construct()
#1 C:\laragon\www\desarrollo\system\CodeIgniter.php(403): CodeIgniter\CodeIgniter->createController()
#2 C:\laragon\www\desarrollo\system\CodeIgniter.php(320): CodeIgniter\CodeIgniter->handleRequest(NULL, Object(Config\Cache), false)
#3 C:\laragon\www\desarrollo\public\index.php(37): CodeIgniter\CodeIgniter->run()
#4 {main}
CRITICAL - 2022-01-14 10:34:16 --> Too few arguments to function App\Controllers\Home::__construct(), 0 passed in C:\laragon\www\desarrollo\system\CodeIgniter.php on line 802 and exactly 1 expected
#0 C:\laragon\www\desarrollo\system\CodeIgniter.php(802): App\Controllers\Home->__construct()
#1 C:\laragon\www\desarrollo\system\CodeIgniter.php(403): CodeIgniter\CodeIgniter->createController()
#2 C:\laragon\www\desarrollo\system\CodeIgniter.php(320): CodeIgniter\CodeIgniter->handleRequest(NULL, Object(Config\Cache), false)
#3 C:\laragon\www\desarrollo\public\index.php(37): CodeIgniter\CodeIgniter->run()
#4 {main}
CRITICAL - 2022-01-14 10:38:27 --> Too few arguments to function App\Controllers\Home::__construct(), 0 passed in C:\laragon\www\desarrollo\system\CodeIgniter.php on line 802 and exactly 1 expected
#0 C:\laragon\www\desarrollo\system\CodeIgniter.php(802): App\Controllers\Home->__construct()
#1 C:\laragon\www\desarrollo\system\CodeIgniter.php(403): CodeIgniter\CodeIgniter->createController()
#2 C:\laragon\www\desarrollo\system\CodeIgniter.php(320): CodeIgniter\CodeIgniter->handleRequest(NULL, Object(Config\Cache), false)
#3 C:\laragon\www\desarrollo\public\index.php(37): CodeIgniter\CodeIgniter->run()
#4 {main}
CRITICAL - 2022-01-14 10:38:28 --> Too few arguments to function App\Controllers\Home::__construct(), 0 passed in C:\laragon\www\desarrollo\system\CodeIgniter.php on line 802 and exactly 1 expected
#0 C:\laragon\www\desarrollo\system\CodeIgniter.php(802): App\Controllers\Home->__construct()
#1 C:\laragon\www\desarrollo\system\CodeIgniter.php(403): CodeIgniter\CodeIgniter->createController()
#2 C:\laragon\www\desarrollo\system\CodeIgniter.php(320): CodeIgniter\CodeIgniter->handleRequest(NULL, Object(Config\Cache), false)
#3 C:\laragon\www\desarrollo\public\index.php(37): CodeIgniter\CodeIgniter->run()
#4 {main}
CRITICAL - 2022-01-14 10:38:29 --> Too few arguments to function App\Controllers\Home::__construct(), 0 passed in C:\laragon\www\desarrollo\system\CodeIgniter.php on line 802 and exactly 1 expected
#0 C:\laragon\www\desarrollo\system\CodeIgniter.php(802): App\Controllers\Home->__construct()
#1 C:\laragon\www\desarrollo\system\CodeIgniter.php(403): CodeIgniter\CodeIgniter->createController()
#2 C:\laragon\www\desarrollo\system\CodeIgniter.php(320): CodeIgniter\CodeIgniter->handleRequest(NULL, Object(Config\Cache), false)
#3 C:\laragon\www\desarrollo\public\index.php(37): CodeIgniter\CodeIgniter->run()
#4 {main}
CRITICAL - 2022-01-14 10:38:29 --> Too few arguments to function App\Controllers\Home::__construct(), 0 passed in C:\laragon\www\desarrollo\system\CodeIgniter.php on line 802 and exactly 1 expected
#0 C:\laragon\www\desarrollo\system\CodeIgniter.php(802): App\Controllers\Home->__construct()
#1 C:\laragon\www\desarrollo\system\CodeIgniter.php(403): CodeIgniter\CodeIgniter->createController()
#2 C:\laragon\www\desarrollo\system\CodeIgniter.php(320): CodeIgniter\CodeIgniter->handleRequest(NULL, Object(Config\Cache), false)
#3 C:\laragon\www\desarrollo\public\index.php(37): CodeIgniter\CodeIgniter->run()
#4 {main}
CRITICAL - 2022-01-14 10:38:30 --> Too few arguments to function App\Controllers\Home::__construct(), 0 passed in C:\laragon\www\desarrollo\system\CodeIgniter.php on line 802 and exactly 1 expected
#0 C:\laragon\www\desarrollo\system\CodeIgniter.php(802): App\Controllers\Home->__construct()
#1 C:\laragon\www\desarrollo\system\CodeIgniter.php(403): CodeIgniter\CodeIgniter->createController()
#2 C:\laragon\www\desarrollo\system\CodeIgniter.php(320): CodeIgniter\CodeIgniter->handleRequest(NULL, Object(Config\Cache), false)
#3 C:\laragon\www\desarrollo\public\index.php(37): CodeIgniter\CodeIgniter->run()
#4 {main}
CRITICAL - 2022-01-14 10:39:04 --> Too few arguments to function App\Controllers\Home::__construct(), 0 passed in C:\laragon\www\desarrollo\system\CodeIgniter.php on line 802 and exactly 1 expected
#0 C:\laragon\www\desarrollo\system\CodeIgniter.php(802): App\Controllers\Home->__construct()
#1 C:\laragon\www\desarrollo\system\CodeIgniter.php(403): CodeIgniter\CodeIgniter->createController()
#2 C:\laragon\www\desarrollo\system\CodeIgniter.php(320): CodeIgniter\CodeIgniter->handleRequest(NULL, Object(Config\Cache), false)
#3 C:\laragon\www\desarrollo\public\index.php(37): CodeIgniter\CodeIgniter->run()
#4 {main}
CRITICAL - 2022-01-14 10:39:08 --> Too few arguments to function App\Controllers\Home::__construct(), 0 passed in C:\laragon\www\desarrollo\system\CodeIgniter.php on line 802 and exactly 1 expected
#0 C:\laragon\www\desarrollo\system\CodeIgniter.php(802): App\Controllers\Home->__construct()
#1 C:\laragon\www\desarrollo\system\CodeIgniter.php(403): CodeIgniter\CodeIgniter->createController()
#2 C:\laragon\www\desarrollo\system\CodeIgniter.php(320): CodeIgniter\CodeIgniter->handleRequest(NULL, Object(Config\Cache), false)
#3 C:\laragon\www\desarrollo\public\index.php(37): CodeIgniter\CodeIgniter->run()
#4 {main}
CRITICAL - 2022-01-14 10:39:52 --> Too few arguments to function App\Controllers\Home::__construct(), 0 passed in C:\laragon\www\desarrollo\system\CodeIgniter.php on line 802 and exactly 1 expected
#0 C:\laragon\www\desarrollo\system\CodeIgniter.php(802): App\Controllers\Home->__construct()
#1 C:\laragon\www\desarrollo\system\CodeIgniter.php(403): CodeIgniter\CodeIgniter->createController()
#2 C:\laragon\www\desarrollo\system\CodeIgniter.php(320): CodeIgniter\CodeIgniter->handleRequest(NULL, Object(Config\Cache), false)
#3 C:\laragon\www\desarrollo\public\index.php(37): CodeIgniter\CodeIgniter->run()
#4 {main}
CRITICAL - 2022-01-14 10:39:53 --> Too few arguments to function App\Controllers\Home::__construct(), 0 passed in C:\laragon\www\desarrollo\system\CodeIgniter.php on line 802 and exactly 1 expected
#0 C:\laragon\www\desarrollo\system\CodeIgniter.php(802): App\Controllers\Home->__construct()
#1 C:\laragon\www\desarrollo\system\CodeIgniter.php(403): CodeIgniter\CodeIgniter->createController()
#2 C:\laragon\www\desarrollo\system\CodeIgniter.php(320): CodeIgniter\CodeIgniter->handleRequest(NULL, Object(Config\Cache), false)
#3 C:\laragon\www\desarrollo\public\index.php(37): CodeIgniter\CodeIgniter->run()
#4 {main}
CRITICAL - 2022-01-14 10:40:16 --> Too few arguments to function App\Controllers\Home::__construct(), 0 passed in C:\laragon\www\desarrollo\system\CodeIgniter.php on line 802 and exactly 1 expected
#0 C:\laragon\www\desarrollo\system\CodeIgniter.php(802): App\Controllers\Home->__construct()
#1 C:\laragon\www\desarrollo\system\CodeIgniter.php(403): CodeIgniter\CodeIgniter->createController()
#2 C:\laragon\www\desarrollo\system\CodeIgniter.php(320): CodeIgniter\CodeIgniter->handleRequest(NULL, Object(Config\Cache), false)
#3 C:\laragon\www\desarrollo\public\index.php(37): CodeIgniter\CodeIgniter->run()
#4 {main}
CRITICAL - 2022-01-14 10:40:29 --> Too few arguments to function App\Controllers\Home::__construct(), 0 passed in C:\laragon\www\desarrollo\system\CodeIgniter.php on line 802 and exactly 1 expected
#0 C:\laragon\www\desarrollo\system\CodeIgniter.php(802): App\Controllers\Home->__construct()
#1 C:\laragon\www\desarrollo\system\CodeIgniter.php(403): CodeIgniter\CodeIgniter->createController()
#2 C:\laragon\www\desarrollo\system\CodeIgniter.php(320): CodeIgniter\CodeIgniter->handleRequest(NULL, Object(Config\Cache), false)
#3 C:\laragon\www\desarrollo\public\index.php(37): CodeIgniter\CodeIgniter->run()
#4 {main}
